<?xml version="1.0" encoding="UTF-8"?>
<!-- Generated by org.testng.reporters.JUnitReportReporter -->
<testsuite hostname="INLEN8520064620" failures="0" tests="4" name="day42.OrangeHRMTest" time="14.284" errors="0" timestamp="2024-09-15T19:40:19 IST" skipped="0">
  <testcase classname="day42.OrangeHRMTest" name="openapp" time="9.163"/>
  <testcase classname="day42.OrangeHRMTest" name="testlogo" time="3.104"/>
  <testcase classname="day42.OrangeHRMTest" name="testLogin" time="1.728"/>
  <testcase classname="day42.OrangeHRMTest" name="testcloseAPP" time="0.289"/>
</testsuite> <!-- day42.OrangeHRMTest -->
