<?xml version="1.0" encoding="UTF-8"?>
<!-- Generated by org.testng.reporters.JUnitReportReporter -->
<testsuite hostname="INLEN8520064620" failures="0" tests="3" name="day42.FirstTestCase" time="0.007" errors="0" timestamp="2024-09-15T19:40:19 IST" skipped="0">
  <testcase classname="day42.FirstTestCase" name="opeApp" time="0.005"/>
  <testcase classname="day42.FirstTestCase" name="login" time="0.001"/>
  <testcase classname="day42.FirstTestCase" name="logout" time="0.001"/>
</testsuite> <!-- day42.FirstTestCase -->
