<?xml version="1.0" encoding="UTF-8"?>
<!-- Generated by org.testng.reporters.JUnitReportReporter -->
<testsuite hostname="INLEN8520064620" failures="0" tests="2" name="day43.pack.C1" time="0.007" errors="0" timestamp="2024-09-15T22:44:46 IST" skipped="0">
  <testcase classname="day43.pack.C1" name="abc" time="0.006"/>
  <testcase classname="day43.pack.C1" name="abc" time="0.001"/>
</testsuite> <!-- day43.pack.C1 -->
