<?xml version="1.0" encoding="UTF-8"?>
<!-- Generated by org.testng.reporters.JUnitReportReporter -->
<testsuite hostname="INLEN8520064620" failures="0" tests="1" name="day43.Assertions" time="0.030" errors="0" timestamp="2024-09-16T10:26:16 IST" skipped="0">
  <testcase classname="day43.Assertions" name="testTittle" time="0.030"/>
</testsuite> <!-- day43.Assertions -->
