<?xml version="1.0" encoding="UTF-8"?>
<!-- Generated by org.testng.reporters.JUnitReportReporter -->
<testsuite hostname="INLEN8520064620" failures="0" tests="1" name="day47.LoginTest" time="1.968" errors="0" timestamp="2024-09-17T18:27:39 IST" skipped="0">
  <testcase classname="day47.LoginTest" name="testLogin" time="1.968"/>
</testsuite> <!-- day47.LoginTest -->
