<?xml version="1.0" encoding="UTF-8"?>
<!-- Generated by org.testng.reporters.JUnitReportReporter -->
<testsuite hostname="INLEN8520064620" failures="0" tests="1" name="day45.DataProviderDemo" time="7.577" errors="0" timestamp="2024-09-16T17:54:46 IST" skipped="0">
  <testcase classname="day45.DataProviderDemo" name="testLogin" time="7.577"/>
</testsuite> <!-- day45.DataProviderDemo -->
