<?xml version="1.0" encoding="UTF-8"?>
<!-- Generated by org.testng.reporters.JUnitReportReporter -->
<testsuite hostname="INLEN8520064620" failures="0" tests="3" name="day44.LoginTest" time="0.020" errors="0" timestamp="2024-09-16T14:36:18 IST" skipped="0">
  <testcase classname="day44.LoginTest" name="loginByEmail" time="0.016"/>
  <testcase classname="day44.LoginTest" name="loginByFacebook" time="0.002"/>
  <testcase classname="day44.LoginTest" name="loginByTwitter" time="0.002"/>
</testsuite> <!-- day44.LoginTest -->
