<?xml version="1.0" encoding="UTF-8"?>
<!-- Generated by org.testng.reporters.JUnitReportReporter -->
<testsuite hostname="INLEN8520064620" failures="0" tests="2" name="day43.AllAnnotations" time="0.023" errors="0" timestamp="2024-09-15T22:58:46 IST" skipped="0">
  <testcase classname="day43.AllAnnotations" name="tm1" time="0.020"/>
  <testcase classname="day43.AllAnnotations" name="tm2" time="0.003"/>
</testsuite> <!-- day43.AllAnnotations -->
