<?xml version="1.0" encoding="UTF-8"?>
<!-- Generated by org.testng.reporters.JUnitReportReporter -->
<testsuite hostname="INLEN8520064620" failures="0" tests="3" name="day44.SignUpTest" time="0.003" errors="0" timestamp="2024-09-16T14:36:18 IST" skipped="0">
  <testcase classname="day44.SignUpTest" name="signUpByEmail" time="0.001"/>
  <testcase classname="day44.SignUpTest" name="signUpByFacebook" time="0.001"/>
  <testcase classname="day44.SignUpTest" name="signUpByTwitter" time="0.001"/>
</testsuite> <!-- day44.SignUpTest -->
