<?xml version="1.0" encoding="UTF-8"?>
<!-- Generated by org.testng.reporters.JUnitReportReporter -->
<testsuite hostname="INLEN8520064620" failures="0" tests="2" name="day43.AnnotationsDemo" time="0.025" errors="0" timestamp="2024-09-15T20:24:25 IST" skipped="0">
  <testcase classname="day43.AnnotationsDemo" name="basicSearch" time="0.023"/>
  <testcase classname="day43.AnnotationsDemo" name="advanceSearch" time="0.002"/>
</testsuite> <!-- day43.AnnotationsDemo -->
