<?xml version="1.0" encoding="UTF-8"?>
<!-- Generated by org.testng.reporters.JUnitReportReporter -->
<testsuite hostname="INLEN8520064620" failures="0" tests="2" name="day44.PaymentTests" time="0.011" errors="0" timestamp="2024-09-16T14:32:09 IST" skipped="0">
  <testcase classname="day44.PaymentTests" name="paymentinRupees" time="0.010"/>
  <testcase classname="day44.PaymentTests" name="paymentinDollars" time="0.001"/>
</testsuite> <!-- day44.PaymentTests -->
