<?xml version="1.0" encoding="UTF-8"?>
<!-- Generated by org.testng.reporters.JUnitReportReporter -->
<testsuite hostname="INLEN8520064620" failures="0" tests="2" name="day43.AnnotationsDemo2" time="0.042" errors="0" timestamp="2024-09-15T22:09:05 IST" skipped="0">
  <testcase classname="day43.AnnotationsDemo2" name="basicSearch" time="0.039"/>
  <testcase classname="day43.AnnotationsDemo2" name="advanceSearch" time="0.003"/>
</testsuite> <!-- day43.AnnotationsDemo2 -->
